<?xml version="1.0" encoding="UTF-8"?>
<testsuite xmlns:xsi="http://www.w3.org/2001/XMLSchema-instance" xsi:noNamespaceSchemaLocation="https://maven.apache.org/surefire/maven-surefire-plugin/xsd/surefire-test-report-3.0.xsd" version="3.0" name="TestSuite" time="34.003" tests="4" errors="0" skipped="0" failures="1">
  <properties>
    <property name="sun.desktop" value="windows"/>
    <property name="awt.toolkit" value="sun.awt.windows.WToolkit"/>
    <property name="file.encoding.pkg" value="sun.io"/>
    <property name="java.specification.version" value="1.8"/>
    <property name="sun.cpu.isalist" value="amd64"/>
    <property name="sun.jnu.encoding" value="GBK"/>
    <property name="java.class.path" value="D:\Java\ideawork\crm\target\test-classes;D:\Java\ideawork\crm\target\classes;D:\Program Files\apache-maven-3.5.2\maven_repository\org\testng\testng\7.3.0\testng-7.3.0.jar;D:\Program Files\apache-maven-3.5.2\maven_repository\com\beust\jcommander\1.78\jcommander-1.78.jar;D:\Program Files\apache-maven-3.5.2\maven_repository\org\apache\ant\ant\1.10.3\ant-1.10.3.jar;D:\Program Files\apache-maven-3.5.2\maven_repository\org\apache\ant\ant-launcher\1.10.3\ant-launcher-1.10.3.jar;D:\Program Files\apache-maven-3.5.2\maven_repository\junit\junit\4.12\junit-4.12.jar;D:\Program Files\apache-maven-3.5.2\maven_repository\org\hamcrest\hamcrest-core\1.3\hamcrest-core-1.3.jar;D:\Program Files\apache-maven-3.5.2\maven_repository\com\google\inject\guice\4.2.2\guice-4.2.2-no_aop.jar;D:\Program Files\apache-maven-3.5.2\maven_repository\javax\inject\javax.inject\1\javax.inject-1.jar;D:\Program Files\apache-maven-3.5.2\maven_repository\aopalliance\aopalliance\1.0\aopalliance-1.0.jar;D:\Program Files\apache-maven-3.5.2\maven_repository\org\yaml\snakeyaml\1.21\snakeyaml-1.21.jar;D:\Program Files\apache-maven-3.5.2\maven_repository\org\seleniumhq\selenium\selenium-java\3.141.0\selenium-java-3.141.0.jar;D:\Program Files\apache-maven-3.5.2\maven_repository\org\seleniumhq\selenium\selenium-api\3.141.0\selenium-api-3.141.0.jar;D:\Program Files\apache-maven-3.5.2\maven_repository\org\seleniumhq\selenium\selenium-chrome-driver\3.141.0\selenium-chrome-driver-3.141.0.jar;D:\Program Files\apache-maven-3.5.2\maven_repository\org\seleniumhq\selenium\selenium-edge-driver\3.141.0\selenium-edge-driver-3.141.0.jar;D:\Program Files\apache-maven-3.5.2\maven_repository\org\seleniumhq\selenium\selenium-firefox-driver\3.141.0\selenium-firefox-driver-3.141.0.jar;D:\Program Files\apache-maven-3.5.2\maven_repository\org\seleniumhq\selenium\selenium-ie-driver\3.141.0\selenium-ie-driver-3.141.0.jar;D:\Program Files\apache-maven-3.5.2\maven_repository\org\seleniumhq\selenium\selenium-opera-driver\3.141.0\selenium-opera-driver-3.141.0.jar;D:\Program Files\apache-maven-3.5.2\maven_repository\org\seleniumhq\selenium\selenium-remote-driver\3.141.0\selenium-remote-driver-3.141.0.jar;D:\Program Files\apache-maven-3.5.2\maven_repository\org\seleniumhq\selenium\selenium-safari-driver\3.141.0\selenium-safari-driver-3.141.0.jar;D:\Program Files\apache-maven-3.5.2\maven_repository\org\seleniumhq\selenium\selenium-support\3.141.0\selenium-support-3.141.0.jar;D:\Program Files\apache-maven-3.5.2\maven_repository\net\bytebuddy\byte-buddy\1.8.15\byte-buddy-1.8.15.jar;D:\Program Files\apache-maven-3.5.2\maven_repository\org\apache\commons\commons-exec\1.3\commons-exec-1.3.jar;D:\Program Files\apache-maven-3.5.2\maven_repository\com\google\guava\guava\25.0-jre\guava-25.0-jre.jar;D:\Program Files\apache-maven-3.5.2\maven_repository\com\google\code\findbugs\jsr305\1.3.9\jsr305-1.3.9.jar;D:\Program Files\apache-maven-3.5.2\maven_repository\org\checkerframework\checker-compat-qual\2.0.0\checker-compat-qual-2.0.0.jar;D:\Program Files\apache-maven-3.5.2\maven_repository\com\google\errorprone\error_prone_annotations\2.1.3\error_prone_annotations-2.1.3.jar;D:\Program Files\apache-maven-3.5.2\maven_repository\com\google\j2objc\j2objc-annotations\1.1\j2objc-annotations-1.1.jar;D:\Program Files\apache-maven-3.5.2\maven_repository\org\codehaus\mojo\animal-sniffer-annotations\1.14\animal-sniffer-annotations-1.14.jar;D:\Program Files\apache-maven-3.5.2\maven_repository\com\squareup\okhttp3\okhttp\3.11.0\okhttp-3.11.0.jar;D:\Program Files\apache-maven-3.5.2\maven_repository\com\squareup\okio\okio\1.14.0\okio-1.14.0.jar;D:\Program Files\apache-maven-3.5.2\maven_repository\javax\mail\mail\1.4.7\mail-1.4.7.jar;D:\Program Files\apache-maven-3.5.2\maven_repository\javax\activation\activation\1.1\activation-1.1.jar;D:\Program Files\apache-maven-3.5.2\maven_repository\org\uncommons\reportng\1.1.4\reportng-1.1.4.jar;D:\Program Files\apache-maven-3.5.2\maven_repository\velocity\velocity\1.4\velocity-1.4.jar;D:\Program Files\apache-maven-3.5.2\maven_repository\velocity\velocity-dep\1.4\velocity-dep-1.4.jar;"/>
    <property name="java.vm.vendor" value="Oracle Corporation"/>
    <property name="sun.arch.data.model" value="64"/>
    <property name="user.variant" value=""/>
    <property name="java.vendor.url" value="http://java.oracle.com/"/>
    <property name="user.timezone" value="Asia/Shanghai"/>
    <property name="java.vm.specification.version" value="1.8"/>
    <property name="os.name" value="Windows 10"/>
    <property name="user.country" value="CN"/>
    <property name="sun.java.launcher" value="SUN_STANDARD"/>
    <property name="sun.boot.library.path" value="D:\Java\jdk1.8.0_211\jre\bin"/>
    <property name="sun.java.command" value="C:\Users\16215\AppData\Local\Temp\surefire4875213931022686054\surefirebooter6671070508662215488.jar C:\Users\16215\AppData\Local\Temp\surefire4875213931022686054 2021-01-19T16-03-56_350-jvmRun1 surefire6691380355570091454tmp surefire_0232370557391716559tmp"/>
    <property name="surefire.test.class.path" value="D:\Java\ideawork\crm\target\test-classes;D:\Java\ideawork\crm\target\classes;D:\Program Files\apache-maven-3.5.2\maven_repository\org\testng\testng\7.3.0\testng-7.3.0.jar;D:\Program Files\apache-maven-3.5.2\maven_repository\com\beust\jcommander\1.78\jcommander-1.78.jar;D:\Program Files\apache-maven-3.5.2\maven_repository\org\apache\ant\ant\1.10.3\ant-1.10.3.jar;D:\Program Files\apache-maven-3.5.2\maven_repository\org\apache\ant\ant-launcher\1.10.3\ant-launcher-1.10.3.jar;D:\Program Files\apache-maven-3.5.2\maven_repository\junit\junit\4.12\junit-4.12.jar;D:\Program Files\apache-maven-3.5.2\maven_repository\org\hamcrest\hamcrest-core\1.3\hamcrest-core-1.3.jar;D:\Program Files\apache-maven-3.5.2\maven_repository\com\google\inject\guice\4.2.2\guice-4.2.2-no_aop.jar;D:\Program Files\apache-maven-3.5.2\maven_repository\javax\inject\javax.inject\1\javax.inject-1.jar;D:\Program Files\apache-maven-3.5.2\maven_repository\aopalliance\aopalliance\1.0\aopalliance-1.0.jar;D:\Program Files\apache-maven-3.5.2\maven_repository\org\yaml\snakeyaml\1.21\snakeyaml-1.21.jar;D:\Program Files\apache-maven-3.5.2\maven_repository\org\seleniumhq\selenium\selenium-java\3.141.0\selenium-java-3.141.0.jar;D:\Program Files\apache-maven-3.5.2\maven_repository\org\seleniumhq\selenium\selenium-api\3.141.0\selenium-api-3.141.0.jar;D:\Program Files\apache-maven-3.5.2\maven_repository\org\seleniumhq\selenium\selenium-chrome-driver\3.141.0\selenium-chrome-driver-3.141.0.jar;D:\Program Files\apache-maven-3.5.2\maven_repository\org\seleniumhq\selenium\selenium-edge-driver\3.141.0\selenium-edge-driver-3.141.0.jar;D:\Program Files\apache-maven-3.5.2\maven_repository\org\seleniumhq\selenium\selenium-firefox-driver\3.141.0\selenium-firefox-driver-3.141.0.jar;D:\Program Files\apache-maven-3.5.2\maven_repository\org\seleniumhq\selenium\selenium-ie-driver\3.141.0\selenium-ie-driver-3.141.0.jar;D:\Program Files\apache-maven-3.5.2\maven_repository\org\seleniumhq\selenium\selenium-opera-driver\3.141.0\selenium-opera-driver-3.141.0.jar;D:\Program Files\apache-maven-3.5.2\maven_repository\org\seleniumhq\selenium\selenium-remote-driver\3.141.0\selenium-remote-driver-3.141.0.jar;D:\Program Files\apache-maven-3.5.2\maven_repository\org\seleniumhq\selenium\selenium-safari-driver\3.141.0\selenium-safari-driver-3.141.0.jar;D:\Program Files\apache-maven-3.5.2\maven_repository\org\seleniumhq\selenium\selenium-support\3.141.0\selenium-support-3.141.0.jar;D:\Program Files\apache-maven-3.5.2\maven_repository\net\bytebuddy\byte-buddy\1.8.15\byte-buddy-1.8.15.jar;D:\Program Files\apache-maven-3.5.2\maven_repository\org\apache\commons\commons-exec\1.3\commons-exec-1.3.jar;D:\Program Files\apache-maven-3.5.2\maven_repository\com\google\guava\guava\25.0-jre\guava-25.0-jre.jar;D:\Program Files\apache-maven-3.5.2\maven_repository\com\google\code\findbugs\jsr305\1.3.9\jsr305-1.3.9.jar;D:\Program Files\apache-maven-3.5.2\maven_repository\org\checkerframework\checker-compat-qual\2.0.0\checker-compat-qual-2.0.0.jar;D:\Program Files\apache-maven-3.5.2\maven_repository\com\google\errorprone\error_prone_annotations\2.1.3\error_prone_annotations-2.1.3.jar;D:\Program Files\apache-maven-3.5.2\maven_repository\com\google\j2objc\j2objc-annotations\1.1\j2objc-annotations-1.1.jar;D:\Program Files\apache-maven-3.5.2\maven_repository\org\codehaus\mojo\animal-sniffer-annotations\1.14\animal-sniffer-annotations-1.14.jar;D:\Program Files\apache-maven-3.5.2\maven_repository\com\squareup\okhttp3\okhttp\3.11.0\okhttp-3.11.0.jar;D:\Program Files\apache-maven-3.5.2\maven_repository\com\squareup\okio\okio\1.14.0\okio-1.14.0.jar;D:\Program Files\apache-maven-3.5.2\maven_repository\javax\mail\mail\1.4.7\mail-1.4.7.jar;D:\Program Files\apache-maven-3.5.2\maven_repository\javax\activation\activation\1.1\activation-1.1.jar;D:\Program Files\apache-maven-3.5.2\maven_repository\org\uncommons\reportng\1.1.4\reportng-1.1.4.jar;D:\Program Files\apache-maven-3.5.2\maven_repository\velocity\velocity\1.4\velocity-1.4.jar;D:\Program Files\apache-maven-3.5.2\maven_repository\velocity\velocity-dep\1.4\velocity-dep-1.4.jar;"/>
    <property name="sun.cpu.endian" value="little"/>
    <property name="user.home" value="C:\Users\16215"/>
    <property name="user.language" value="zh"/>
    <property name="java.specification.vendor" value="Oracle Corporation"/>
    <property name="idea.version2019.2.1" value="true"/>
    <property name="java.home" value="D:\Java\jdk1.8.0_211\jre"/>
    <property name="basedir" value="D:\Java\ideawork\crm"/>
    <property name="file.separator" value="\"/>
    <property name="line.separator" value="&#10;"/>
    <property name="java.vm.specification.vendor" value="Oracle Corporation"/>
    <property name="java.specification.name" value="Java Platform API Specification"/>
    <property name="java.awt.graphicsenv" value="sun.awt.Win32GraphicsEnvironment"/>
    <property name="surefire.real.class.path" value="C:\Users\16215\AppData\Local\Temp\surefire4875213931022686054\surefirebooter6671070508662215488.jar"/>
    <property name="sun.boot.class.path" value="D:\Java\jdk1.8.0_211\jre\lib\resources.jar;D:\Java\jdk1.8.0_211\jre\lib\rt.jar;D:\Java\jdk1.8.0_211\jre\lib\sunrsasign.jar;D:\Java\jdk1.8.0_211\jre\lib\jsse.jar;D:\Java\jdk1.8.0_211\jre\lib\jce.jar;D:\Java\jdk1.8.0_211\jre\lib\charsets.jar;D:\Java\jdk1.8.0_211\jre\lib\jfr.jar;D:\Java\jdk1.8.0_211\jre\classes"/>
    <property name="user.script" value=""/>
    <property name="sun.management.compiler" value="HotSpot 64-Bit Tiered Compilers"/>
    <property name="java.runtime.version" value="1.8.0_211-b12"/>
    <property name="user.name" value="16215"/>
    <property name="path.separator" value=";"/>
    <property name="os.version" value="10.0"/>
    <property name="java.endorsed.dirs" value="D:\Java\jdk1.8.0_211\jre\lib\endorsed"/>
    <property name="java.runtime.name" value="Java(TM) SE Runtime Environment"/>
    <property name="file.encoding" value="utf-8"/>
    <property name="java.vm.name" value="Java HotSpot(TM) 64-Bit Server VM"/>
    <property name="localRepository" value="D:\Program Files\apache-maven-3.5.2\maven_repository"/>
    <property name="java.vendor.url.bug" value="http://bugreport.sun.com/bugreport/"/>
    <property name="java.io.tmpdir" value="C:\Users\16215\AppData\Local\Temp\"/>
    <property name="java.version" value="1.8.0_211"/>
    <property name="user.dir" value="D:\Java\ideawork\crm\target"/>
    <property name="os.arch" value="amd64"/>
    <property name="java.vm.specification.name" value="Java Virtual Machine Specification"/>
    <property name="java.awt.printerjob" value="sun.awt.windows.WPrinterJob"/>
    <property name="sun.os.patch.level" value=""/>
    <property name="java.library.path" value="D:\Java\jdk1.8.0_211\jre\bin;C:\Windows\Sun\Java\bin;C:\Windows\system32;C:\Windows;C:\Program Files (x86)\Common Files\Oracle\Java\javapath;C:\Windows\system32;C:\Windows;C:\Windows\System32\Wbem;C:\Windows\System32\WindowsPowerShell\v1.0\;C:\Windows\System32\OpenSSH\;C:\Program Files (x86)\NVIDIA Corporation\PhysX\Common;C:\Program Files (x86)\Intel\Intel(R) Management Engine Components\DAL;C:\Program Files\Intel\Intel(R) Management Engine Components\DAL;C:\Program Files\NVIDIA Corporation\NVIDIA NvDLISR;D:\Java\jdk1.8.0_211\bin;D:\Program Files\MySQL\MySQL Server 5.5\bin;D:\Program Files\apache-maven-3.5.2\bin;D:\Program Files\svn\bin;D:\Program Files\nodejs\;D:\软件测试\自动化测试\Selenium;D:\Program Files\Git\cmd;D:\Program Files\gradle-6.1\bin;D:\Program Files\driver;D:\Program Files\Python\Scripts\;D:\Program Files\Python\;C:\Users\16215\AppData\Local\Microsoft\WindowsApps;C:\Users\16215\AppData\Roaming\npm;D:\Program Files\JetBrains\PyCharm Community Edition 2020.2.3\bin;;."/>
    <property name="java.vm.info" value="mixed mode"/>
    <property name="java.vendor" value="Oracle Corporation"/>
    <property name="java.vm.version" value="25.211-b12"/>
    <property name="java.ext.dirs" value="D:\Java\jdk1.8.0_211\jre\lib\ext;C:\Windows\Sun\Java\lib\ext"/>
    <property name="sun.io.unicode.encoding" value="UnicodeLittle"/>
    <property name="maven.repo.local" value="D:\Program Files\apache-maven-3.5.2\maven_repository"/>
    <property name="java.class.version" value="52.0"/>
  </properties>
  <testcase name="logintest" classname="cases.Login" time="29.765">
    <system-err><![CDATA[1611043439553	geckodriver	INFO	Listening on 127.0.0.1:19177
1611043439821	mozrunner::runner	INFO	Running command: "C:\\Program Files\\Mozilla Firefox\\firefox.exe" "--marionette" "-foreground" "-no-remote" "-profile" "C:\\Users\\16215\\AppData\\Local\\Temp\\rust_mozprofilegnGIJr"
Can't find symbol 'eglSwapBuffersWithDamageEXT'.
Can't find symbol 'eglSetDamageRegionKHR'.
JavaScript error: resource://gre/modules/XULStore.jsm, line 66: Error: Can't find profile directory.
console.warn: SearchSettings: "get: No settings file exists, new profile?" (new Error("", "(unknown module)"))
1611043444703	Marionette	INFO	Listening on port 61791
1611043444796	Marionette	WARN	TLS certificate errors will be ignored for this session
一月 19, 2021 4:04:04 下午 org.openqa.selenium.remote.ProtocolHandshake createSession
信息: Detected dialect: W3C
Can't find symbol 'eglSwapBuffersWithDamageEXT'.
Can't find symbol 'eglSetDamageRegionKHR'.
JavaScript warning: https://g.alicdn.com/secdev/sufei_data/3.9.5/index.js, line 1: WebGL context was lost.
JavaScript warning: https://g.alicdn.com/??xlly/spl/rp.js,secdev/nsv/1.0.78/ns_e_88_3_n.js, line 5: WebGL context was lost.
JavaScript warning: https://g.alicdn.com/AWSC/et/1.62.1/et_n.js, line 4: WebGL context was lost.
]]></system-err>
  </testcase>
  <testcase name="addClubPool" classname="cases.ClubPool" time="0.039">
    <failure type="java.lang.NullPointerException"><![CDATA[java.lang.NullPointerException
	at cases.ClubPool.addClubPool(ClubPool.java:44)
]]></failure>
  </testcase>
  <testcase name="searchCustomByCode" classname="cases.ClubPool" time="2.457">
    <system-out><![CDATA[中文
]]></system-out>
  </testcase>
  <testcase name="afterTest" classname="cases.Logout" time="0.912">
    <system-err><![CDATA[1611043470921	Marionette	INFO	Stopped listening on port 61791

###!!! [Child][RunMessage] Error: Channel closing: too late to send/recv, messages will be lost

]]></system-err>
  </testcase>
</testsuite>