<?xml version="1.0" encoding="UTF-8"?>
<!-- Generated by org.testng.reporters.JUnitReportReporter -->
<testsuite skipped="0" hostname="DESKTOP-H4GMQJ9" name="cases.Logout" tests="1" failures="0" timestamp="2021-01-17T23:29:32 CST" time="1.167" errors="0">
  <testcase name="afterTest" time="1.167" classname="cases.Logout"/>
  <system-out/>
</testsuite> <!-- cases.Logout -->
