<?xml version="1.0" encoding="UTF-8"?>
<!-- Generated by org.testng.reporters.JUnitReportReporter -->
<testsuite skipped="0" hostname="DESKTOP-H4GMQJ9" name="cases.Login" tests="1" failures="0" timestamp="2021-01-17T23:29:32 CST" time="24.337" errors="0">
  <testcase name="logintest" time="24.337" classname="cases.Login"/>
  <system-out/>
</testsuite> <!-- cases.Login -->
